Performing C SOURCE FILE Test CMAKE_HAVE_LIBC_PTHREAD failed with the following output:
Change Dir: /home/u9485344/blender/pp-final-group24-cuda/build/CMakeFiles/CMakeTmp

Run Build Command(s):/home/u9485344/anaconda3/bin/ninja cmTC_577a9 && [1/2] Building C object CMakeFiles/cmTC_577a9.dir/src.c.o
[2/2] Linking C executable cmTC_577a9
FAILED: cmTC_577a9 
: && /usr/bin/gcc -fPIC -Wl,-O2 -Wl,--sort-common -Wl,--as-needed -Wl,-z,relro -Wl,-z,now -Wl,--disable-new-dtags -Wl,--gc-sections -Wl,-rpath,/home/u9485344/anaconda3/lib -Wl,-rpath-link,/home/u9485344/anaconda3/lib -L/home/u9485344/anaconda3/lib CMakeFiles/cmTC_577a9.dir/src.c.o -o cmTC_577a9   && :
/usr/bin/ld: CMakeFiles/cmTC_577a9.dir/src.c.o: in function `main':
src.c:(.text+0x46): undefined reference to `pthread_create'
/usr/bin/ld: src.c:(.text+0x52): undefined reference to `pthread_detach'
/usr/bin/ld: src.c:(.text+0x5e): undefined reference to `pthread_cancel'
/usr/bin/ld: src.c:(.text+0x6f): undefined reference to `pthread_join'
collect2: error: ld returned 1 exit status
ninja: build stopped: subcommand failed.


Source file was:
#include <pthread.h>

static void* test_func(void* data)
{
  return data;
}

int main(void)
{
  pthread_t thread;
  pthread_create(&thread, NULL, test_func, NULL);
  pthread_detach(thread);
  pthread_cancel(thread);
  pthread_join(thread, NULL);
  pthread_atfork(NULL, NULL, NULL);
  pthread_exit(NULL);

  return 0;
}

Determining if the function pthread_create exists in the pthreads failed with the following output:
Change Dir: /home/u9485344/blender/pp-final-group24-cuda/build/CMakeFiles/CMakeTmp

Run Build Command(s):/home/u9485344/anaconda3/bin/ninja cmTC_dcdd5 && [1/2] Building C object CMakeFiles/cmTC_dcdd5.dir/CheckFunctionExists.c.o
[2/2] Linking C executable cmTC_dcdd5
FAILED: cmTC_dcdd5 
: && /usr/bin/gcc -fPIC -DCHECK_FUNCTION_EXISTS=pthread_create -Wl,-O2 -Wl,--sort-common -Wl,--as-needed -Wl,-z,relro -Wl,-z,now -Wl,--disable-new-dtags -Wl,--gc-sections -Wl,-rpath,/home/u9485344/anaconda3/lib -Wl,-rpath-link,/home/u9485344/anaconda3/lib -L/home/u9485344/anaconda3/lib CMakeFiles/cmTC_dcdd5.dir/CheckFunctionExists.c.o -o cmTC_dcdd5  -lpthreads && :
/usr/bin/ld: cannot find -lpthreads
collect2: error: ld returned 1 exit status
ninja: build stopped: subcommand failed.



